<?xml version="1.0" encoding="UTF-8"?>
<!-- Generated by org.testng.reporters.JUnitXMLReporter -->
<testsuite ignored="0" hostname="BUK30LAP4000760" failures="0" tests="4" name="Surefire test" time="19.699" errors="0" timestamp="2022-05-18T10:45:58 EEST">
  <testcase classname="Altex.tests.TestSauceDemoPage" name="TestLogin" time="4.033"/>
  <testcase classname="Altex.tests.TestSauceDemoPage" name="TestAddingProductsAndViewCart" time="2.528"/>
  <testcase classname="Altex.tests.TestSauceDemoPage" name="TestPlaceOrder" time="2.752"/>
  <testcase classname="SampleTest" name="Test1" time="6.753"/>
</testsuite> <!-- Surefire test -->
