<?xml version="1.0" encoding="UTF-8"?>
<!-- Generated by org.testng.reporters.JUnitXMLReporter -->
<testsuite ignored="0" hostname="BUK30LAP4000760" failures="0" tests="3" name="Test" time="17.437" errors="0" timestamp="2022-05-20T09:15:35 EEST">
  <testcase classname="Altex.tests.TestSauceDemoPage" name="TestLogin" time="4.644"/>
  <testcase classname="Altex.tests.TestSauceDemoPage" name="TestAddingProductsAndViewCart" time="2.893"/>
  <testcase classname="Altex.tests.TestSauceDemoPage" name="TestPlaceOrder" time="3.395"/>
</testsuite> <!-- Test -->
