<?xml version="1.0" encoding="UTF-8"?>
<testsuite xmlns:xsi="http://www.w3.org/2001/XMLSchema-instance" xsi:noNamespaceSchemaLocation="https://maven.apache.org/surefire/maven-surefire-plugin/xsd/surefire-test-report-3.0.xsd" version="3.0" name="TestSuite" time="17.877" tests="3" errors="0" skipped="0" failures="0">
  <properties>
[...]
</properties>
  <testcase name="TestLogin" classname="Altex.tests.TestSauceDemoPage" time="4.585">
    <system-out><![CDATA[[TestNGContentHandler] [WARN] It is strongly recommended to add "<!DOCTYPE suite SYSTEM "https://testng.org/testng-1.0.dtd" >" at the top of your file, otherwise TestNG may fail or not work as expected.
[&amp#27;[0;37mINFO&amp#27;[m] &amp#27;[36mAltex.pageDefinition.SauceDemoPageDefinition&amp#27;[m: &amp#27;[0;37mLogin was succesful!&amp#27;[m
]]></system-out>
    <system-err><![CDATA[Starting ChromeDriver 100.0.4896.60 (6a5d10861ce8de5fce22564658033b43cb7de047-refs/branch-heads/4896@{#875}) on port 33803
Only local connections are allowed.
Please see https://chromedriver.chromium.org/security-considerations for suggestions on keeping ChromeDriver safe.
ChromeDriver was started successfully.
[1653027319.335][WARNING]: This version of ChromeDriver has not been tested with Chrome version 101.
May 20, 2022 9:15:19 AM org.openqa.selenium.remote.ProtocolHandshake createSession
INFO: Detected dialect: W3C
]]></system-err>
  </testcase>
  <testcase name="TestAddingProductsAndViewCart" classname="Altex.tests.TestSauceDemoPage" time="2.894">
    <system-out><![CDATA[[&amp#27;[0;37mINFO&amp#27;[m] &amp#27;[36mAltex.pageDefinition.SauceDemoPageDefinition&amp#27;[m: &amp#27;[0;37mProducts added successfully in the cart!&amp#27;[m
]]></system-out>
  </testcase>
  <testcase name="TestPlaceOrder" classname="Altex.tests.TestSauceDemoPage" time="3.396">
    <system-out><![CDATA[[&amp#27;[0;37mINFO&amp#27;[m] &amp#27;[36mAltex.pageDefinition.SauceDemoPageDefinition&amp#27;[m: &amp#27;[0;37mOrder has been sent successfully!&amp#27;[m
]]></system-out>
  </testcase>
</testsuite>