<?xml version="1.0" encoding="UTF-8"?>
<testng-results ignored="0" total="1" passed="1" failed="0" skipped="0">
  <reporter-output>
  </reporter-output>
  <suite started-at="2022-05-19T11:38:40 EEST" name="Surefire suite" finished-at="2022-05-19T11:38:52 EEST" duration-ms="12244">
    <groups>
    </groups>
    <test started-at="2022-05-19T11:38:40 EEST" name="Surefire test" finished-at="2022-05-19T11:38:52 EEST" duration-ms="12244">
      <class name="SampleTest">
        <test-method signature="Test1()[pri:0, instance:SampleTest@37574691]" started-at="2022-05-19T11:38:40 EEST" name="Test1" finished-at="2022-05-19T11:38:52 EEST" duration-ms="12216" status="PASS">
          <reporter-output>
          </reporter-output>
        </test-method> <!-- Test1 -->
      </class> <!-- SampleTest -->
    </test> <!-- Surefire test -->
  </suite> <!-- Surefire suite -->
</testng-results>
