<?xml version="1.0" encoding="UTF-8"?>
<testng-results ignored="0" total="4" passed="4" failed="0" skipped="0">
  <reporter-output>
  </reporter-output>
  <suite started-at="2022-05-18T10:45:38 EEST" name="Surefire suite" finished-at="2022-05-18T10:45:58 EEST" duration-ms="19699">
    <groups>
    </groups>
    <test started-at="2022-05-18T10:45:38 EEST" name="Surefire test" finished-at="2022-05-18T10:45:58 EEST" duration-ms="19699">
      <class name="SampleTest">
        <test-method signature="Test1()[pri:0, instance:SampleTest@473b46c3]" started-at="2022-05-18T10:45:51 EEST" name="Test1" finished-at="2022-05-18T10:45:58 EEST" duration-ms="6753" status="PASS">
          <reporter-output>
          </reporter-output>
        </test-method> <!-- Test1 -->
      </class> <!-- SampleTest -->
      <class name="Altex.tests.TestSauceDemoPage">
        <test-method is-config="true" signature="setup()[pri:0, instance:Altex.tests.TestSauceDemoPage@15d9bc04]" started-at="2022-05-18T10:45:38 EEST" name="setup" finished-at="2022-05-18T10:45:42 EEST" duration-ms="3523" status="PASS">
          <reporter-output>
          </reporter-output>
        </test-method> <!-- setup -->
        <test-method signature="TestLogin()[pri:0, instance:Altex.tests.TestSauceDemoPage@15d9bc04]" started-at="2022-05-18T10:45:42 EEST" name="TestLogin" finished-at="2022-05-18T10:45:46 EEST" duration-ms="4033" status="PASS">
          <reporter-output>
          </reporter-output>
        </test-method> <!-- TestLogin -->
        <test-method signature="TestAddingProductsAndViewCart()[pri:1, instance:Altex.tests.TestSauceDemoPage@15d9bc04]" started-at="2022-05-18T10:45:46 EEST" name="TestAddingProductsAndViewCart" finished-at="2022-05-18T10:45:48 EEST" duration-ms="2528" status="PASS">
          <reporter-output>
          </reporter-output>
        </test-method> <!-- TestAddingProductsAndViewCart -->
        <test-method signature="TestPlaceOrder()[pri:2, instance:Altex.tests.TestSauceDemoPage@15d9bc04]" started-at="2022-05-18T10:45:48 EEST" name="TestPlaceOrder" finished-at="2022-05-18T10:45:51 EEST" duration-ms="2752" status="PASS">
          <reporter-output>
          </reporter-output>
        </test-method> <!-- TestPlaceOrder -->
        <test-method is-config="true" signature="close()[pri:0, instance:Altex.tests.TestSauceDemoPage@15d9bc04]" started-at="2022-05-18T10:45:58 EEST" name="close" finished-at="2022-05-18T10:45:58 EEST" duration-ms="89" status="PASS">
          <reporter-output>
          </reporter-output>
        </test-method> <!-- close -->
      </class> <!-- Altex.tests.TestSauceDemoPage -->
    </test> <!-- Surefire test -->
  </suite> <!-- Surefire suite -->
</testng-results>
